Wed Jan 17 2018 16:35:54 GMT+0700 (+07): GET /favicon.ico
Wed Jan 17 2018 16:36:04 GMT+0700 (+07): GET /favicon.ico
Wed Jan 17 2018 16:36:08 GMT+0700 (+07): GET /favicon.ico
Wed Jan 17 2018 16:36:14 GMT+0700 (+07): GET /about.html
Wed Jan 17 2018 16:36:14 GMT+0700 (+07): GET /favicon.ico
Wed Jan 17 2018 16:36:22 GMT+0700 (+07): GET /gas.html
Wed Jan 17 2018 16:36:22 GMT+0700 (+07): GET /favicon.ico
Wed Jan 17 2018 16:36:34 GMT+0700 (+07): GET /swewrw
Wed Jan 17 2018 16:36:35 GMT+0700 (+07): GET /favicon.ico
Wed Jan 17 2018 16:36:37 GMT+0700 (+07): GET /home
Wed Jan 17 2018 16:36:38 GMT+0700 (+07): GET /favicon.ico
Wed Jan 17 2018 16:36:46 GMT+0700 (+07): GET /about
Wed Jan 17 2018 16:36:46 GMT+0700 (+07): GET /favicon.ico
Wed Jan 17 2018 16:36:51 GMT+0700 (+07): GET /favicon.ico
Wed Jan 17 2018 16:36:53 GMT+0700 (+07): GET /favicon.ico
Wed Jan 17 2018 16:36:54 GMT+0700 (+07): GET /projects
Wed Jan 17 2018 16:36:54 GMT+0700 (+07): GET /favicon.ico
Wed Jan 17 2018 16:36:56 GMT+0700 (+07): GET /about
Wed Jan 17 2018 16:36:56 GMT+0700 (+07): GET /favicon.ico
Wed Jan 17 2018 16:36:59 GMT+0700 (+07): GET /favicon.ico
Wed Jan 17 2018 16:48:54 GMT+0700 (+07): GET /favicon.ico
